<?xml version="1.0" encoding="UTF-8"?>
<!-- Generated by org.testng.reporters.JUnitReportReporter -->
<testsuite hostname="Nikhils-MacBook-Air.local" failures="0" tests="1" name="sumValidation" time="0.509" errors="0" timestamp="2024-02-19T23:16:01 IST" skipped="0">
  <testcase classname="sumValidation" name="sumOfCources" time="0.509"/>
</testsuite> <!-- sumValidation -->
